# JRE version: OpenJDK Runtime Environment (8.0_152-b02) (build 1.8.0_152-release-1024-b02)
# Java VM: OpenJDK 64-Bit Server VM (25.152-b02 mixed mode windows-amd64 compressed oops)
Heap:
 PSYoungGen      total 302080K, used 293157K [0x00000000e0000000, 0x00000000f8080000, 0x0000000100000000)
  eden space 263680K, 96% used [0x00000000e0000000,0x00000000ef8ccbb0,0x00000000f0180000)
  from space 38400K, 99% used [0x00000000f0180000,0x00000000f26fcaa0,0x00000000f2700000)
  to   space 51200K, 0% used [0x00000000f4e80000,0x00000000f4e80000,0x00000000f8080000)
 ParOldGen       total 169984K, used 113336K [0x00000000a0000000, 0x00000000aa600000, 0x00000000e0000000)
  object space 169984K, 66% used [0x00000000a0000000,0x00000000a6eae2f0,0x00000000aa600000)
 Metaspace       used 73070K, capacity 75978K, committed 76308K, reserved 1116160K
  class space    used 9581K, capacity 10200K, committed 10300K, reserved 1048576K
GC Heap History (10 events):
Event: 189.223 GC heap before
{Heap before GC invocations=17 (full 3):
 PSYoungGen      total 167424K, used 147456K [0x00000000e0000000, 0x00000000ef080000, 0x0000000100000000)
  eden space 147456K, 100% used [0x00000000e0000000,0x00000000e9000000,0x00000000e9000000)
  from space 19968K, 0% used [0x00000000e9000000,0x00000000e9000000,0x00000000ea380000)
  to   space 20992K, 0% used [0x00000000edc00000,0x00000000edc00000,0x00000000ef080000)
 ParOldGen       total 87552K, used 34004K [0x00000000a0000000, 0x00000000a5580000, 0x00000000e0000000)
  object space 87552K, 38% used [0x00000000a0000000,0x00000000a2135000,0x00000000a5580000)
 Metaspace       used 62308K, capacity 64212K, committed 64532K, reserved 1105920K
  class space    used 8266K, capacity 8725K, committed 8764K, reserved 1048576K
Event: 189.293 GC heap after
Heap after GC invocations=17 (full 3):
 PSYoungGen      total 225280K, used 13346K [0x00000000e0000000, 0x00000000ef200000, 0x0000000100000000)
  eden space 204288K, 0% used [0x00000000e0000000,0x00000000e0000000,0x00000000ec780000)
  from space 20992K, 63% used [0x00000000edc00000,0x00000000ee908af0,0x00000000ef080000)
  to   space 20992K, 0% used [0x00000000ec780000,0x00000000ec780000,0x00000000edc00000)
 ParOldGen       total 87552K, used 34012K [0x00000000a0000000, 0x00000000a5580000, 0x00000000e0000000)
  object space 87552K, 38% used [0x00000000a0000000,0x00000000a2137000,0x00000000a5580000)
 Metaspace       used 62308K, capacity 64212K, committed 64532K, reserved 1105920K
  class space    used 8266K, capacity 8725K, committed 8764K, reserved 1048576K
}
Event: 201.762 GC heap before
{Heap before GC invocations=18 (full 3):
 PSYoungGen      total 225280K, used 217634K [0x00000000e0000000, 0x00000000ef200000, 0x0000000100000000)
  eden space 204288K, 100% used [0x00000000e0000000,0x00000000ec780000,0x00000000ec780000)
  from space 20992K, 63% used [0x00000000edc00000,0x00000000ee908af0,0x00000000ef080000)
  to   space 20992K, 0% used [0x00000000ec780000,0x00000000ec780000,0x00000000edc00000)
 ParOldGen       total 87552K, used 34012K [0x00000000a0000000, 0x00000000a5580000, 0x00000000e0000000)
  object space 87552K, 38% used [0x00000000a0000000,0x00000000a2137000,0x00000000a5580000)
 Metaspace       used 69996K, capacity 72850K, committed 72980K, reserved 1112064K
  class space    used 9344K, capacity 9922K, committed 10044K, reserved 1048576K
Event: 201.869 GC heap after
Heap after GC invocations=18 (full 3):
 PSYoungGen      total 225280K, used 20969K [0x00000000e0000000, 0x00000000f6180000, 0x0000000100000000)
  eden space 204288K, 0% used [0x00000000e0000000,0x00000000e0000000,0x00000000ec780000)
  from space 20992K, 99% used [0x00000000ec780000,0x00000000edbfa418,0x00000000edc00000)
  to   space 39936K, 0% used [0x00000000f3a80000,0x00000000f3a80000,0x00000000f6180000)
 ParOldGen       total 87552K, used 76839K [0x00000000a0000000, 0x00000000a5580000, 0x00000000e0000000)
  object space 87552K, 87% used [0x00000000a0000000,0x00000000a4b09fd0,0x00000000a5580000)
 Metaspace       used 69996K, capacity 72850K, committed 72980K, reserved 1112064K
  class space    used 9344K, capacity 9922K, committed 10044K, reserved 1048576K
}
Event: 201.869 GC heap before
{Heap before GC invocations=19 (full 4):
 PSYoungGen      total 225280K, used 20969K [0x00000000e0000000, 0x00000000f6180000, 0x0000000100000000)
  eden space 204288K, 0% used [0x00000000e0000000,0x00000000e0000000,0x00000000ec780000)
  from space 20992K, 99% used [0x00000000ec780000,0x00000000edbfa418,0x00000000edc00000)
  to   space 39936K, 0% used [0x00000000f3a80000,0x00000000f3a80000,0x00000000f6180000)
 ParOldGen       total 87552K, used 76839K [0x00000000a0000000, 0x00000000a5580000, 0x00000000e0000000)
  object space 87552K, 87% used [0x00000000a0000000,0x00000000a4b09fd0,0x00000000a5580000)
 Metaspace       used 69996K, capacity 72850K, committed 72980K, reserved 1112064K
  class space    used 9344K, capacity 9922K, committed 10044K, reserved 1048576K
Event: 202.803 GC heap after
Heap after GC invocations=19 (full 4):
 PSYoungGen      total 225280K, used 7637K [0x00000000e0000000, 0x00000000f6180000, 0x0000000100000000)
  eden space 204288K, 0% used [0x00000000e0000000,0x00000000e0000000,0x00000000ec780000)
  from space 20992K, 36% used [0x00000000ec780000,0x00000000ecef55b0,0x00000000edc00000)
  to   space 39936K, 0% used [0x00000000f3a80000,0x00000000f3a80000,0x00000000f6180000)
 ParOldGen       total 169984K, used 87227K [0x00000000a0000000, 0x00000000aa600000, 0x00000000e0000000)
  object space 169984K, 51% used [0x00000000a0000000,0x00000000a552ed98,0x00000000aa600000)
 Metaspace       used 69802K, capacity 72310K, committed 72980K, reserved 1112064K
  class space    used 9277K, capacity 9806K, committed 10044K, reserved 1048576K
}
Event: 258.661 GC heap before
{Heap before GC invocations=20 (full 4):
 PSYoungGen      total 225280K, used 211925K [0x00000000e0000000, 0x00000000f6180000, 0x0000000100000000)
  eden space 204288K, 100% used [0x00000000e0000000,0x00000000ec780000,0x00000000ec780000)
  from space 20992K, 36% used [0x00000000ec780000,0x00000000ecef55b0,0x00000000edc00000)
  to   space 39936K, 0% used [0x00000000f3a80000,0x00000000f3a80000,0x00000000f6180000)
 ParOldGen       total 169984K, used 87227K [0x00000000a0000000, 0x00000000aa600000, 0x00000000e0000000)
  object space 169984K, 51% used [0x00000000a0000000,0x00000000a552ed98,0x00000000aa600000)
 Metaspace       used 72225K, capacity 74912K, committed 75284K, reserved 1114112K
  class space    used 9548K, capacity 10143K, committed 10300K, reserved 1048576K
Event: 258.742 GC heap after
Heap after GC invocations=20 (full 4):
 PSYoungGen      total 271872K, used 17927K [0x00000000e0000000, 0x00000000f4c80000, 0x0000000100000000)
  eden space 253440K, 0% used [0x00000000e0000000,0x00000000e0000000,0x00000000ef780000)
  from space 18432K, 97% used [0x00000000f3a80000,0x00000000f4c01fc8,0x00000000f4c80000)
  to   space 38400K, 0% used [0x00000000f0180000,0x00000000f0180000,0x00000000f2700000)
 ParOldGen       total 169984K, used 94795K [0x00000000a0000000, 0x00000000aa600000, 0x00000000e0000000)
  object space 169984K, 55% used [0x00000000a0000000,0x00000000a5c92dd8,0x00000000aa600000)
 Metaspace       used 72225K, capacity 74912K, committed 75284K, reserved 1114112K
  class space    used 9548K, capacity 10143K, committed 10300K, reserved 1048576K
}
Event: 276.193 GC heap before
{Heap before GC invocations=21 (full 4):
 PSYoungGen      total 271872K, used 271367K [0x00000000e0000000, 0x00000000f4c80000, 0x0000000100000000)
  eden space 253440K, 100% used [0x00000000e0000000,0x00000000ef780000,0x00000000ef780000)
  from space 18432K, 97% used [0x00000000f3a80000,0x00000000f4c01fc8,0x00000000f4c80000)
  to   space 38400K, 0% used [0x00000000f0180000,0x00000000f0180000,0x00000000f2700000)
 ParOldGen       total 169984K, used 94795K [0x00000000a0000000, 0x00000000aa600000, 0x00000000e0000000)
  object space 169984K, 55% used [0x00000000a0000000,0x00000000a5c92dd8,0x00000000aa600000)
 Metaspace       used 72659K, capacity 75492K, committed 75796K, reserved 1114112K
  class space    used 9565K, capacity 10173K, committed 10300K, reserved 1048576K
Event: 276.300 GC heap after
Heap after GC invocations=21 (full 4):
 PSYoungGen      total 302080K, used 38386K [0x00000000e0000000, 0x00000000f8080000, 0x0000000100000000)
  eden space 263680K, 0% used [0x00000000e0000000,0x00000000e0000000,0x00000000f0180000)
  from space 38400K, 99% used [0x00000000f0180000,0x00000000f26fcaa0,0x00000000f2700000)
  to   space 51200K, 0% used [0x00000000f4e80000,0x00000000f4e80000,0x00000000f8080000)
 ParOldGen       total 169984K, used 113336K [0x00000000a0000000, 0x00000000aa600000, 0x00000000e0000000)
  object space 169984K, 66% used [0x00000000a0000000,0x00000000a6eae2f0,0x00000000aa600000)
 Metaspace       used 72659K, capacity 75492K, committed 75796K, reserved 1114112K
  class space    used 9565K, capacity 10173K, committed 10300K, reserved 1048576K
}

