# JRE version: OpenJDK Runtime Environment (8.0_152-b02) (build 1.8.0_152-release-1024-b02)
# Java VM: OpenJDK 64-Bit Server VM (25.152-b02 mixed mode windows-amd64 compressed oops)
Heap:
 PSYoungGen      total 304128K, used 74739K [0x00000000e0000000, 0x00000000f6700000, 0x0000000100000000)
  eden space 264192K, 14% used [0x00000000e0000000,0x00000000e254c7d0,0x00000000f0200000)
  from space 39936K, 91% used [0x00000000f2e80000,0x00000000f5230530,0x00000000f5580000)
  to   space 45568K, 0% used [0x00000000f0200000,0x00000000f0200000,0x00000000f2e80000)
 ParOldGen       total 143360K, used 89759K [0x00000000a0000000, 0x00000000a8c00000, 0x00000000e0000000)
  object space 143360K, 62% used [0x00000000a0000000,0x00000000a57a7ff8,0x00000000a8c00000)
 Metaspace       used 80133K, capacity 83224K, committed 84696K, reserved 1122304K
  class space    used 10240K, capacity 10900K, committed 11224K, reserved 1048576K
GC Heap History (10 events):
Event: 4292.471 GC heap before
{Heap before GC invocations=24 (full 3):
 PSYoungGen      total 252928K, used 252342K [0x00000000e0000000, 0x00000000f1c80000, 0x0000000100000000)
  eden space 239104K, 99% used [0x00000000e0000000,0x00000000ee90d660,0x00000000ee980000)
  from space 13824K, 99% used [0x00000000f0f00000,0x00000000f1c604e0,0x00000000f1c80000)
  to   space 21504K, 0% used [0x00000000ef280000,0x00000000ef280000,0x00000000f0780000)
 ParOldGen       total 95232K, used 72443K [0x00000000a0000000, 0x00000000a5d00000, 0x00000000e0000000)
  object space 95232K, 76% used [0x00000000a0000000,0x00000000a46bed78,0x00000000a5d00000)
 Metaspace       used 80311K, capacity 83980K, committed 84184K, reserved 1122304K
  class space    used 10427K, capacity 11181K, committed 11224K, reserved 1048576K
Event: 4292.498 GC heap after
Heap after GC invocations=24 (full 3):
 PSYoungGen      total 250368K, used 21502K [0x00000000e0000000, 0x00000000f1b80000, 0x0000000100000000)
  eden space 228864K, 0% used [0x00000000e0000000,0x00000000e0000000,0x00000000edf80000)
  from space 21504K, 99% used [0x00000000ef280000,0x00000000f077f9d8,0x00000000f0780000)
  to   space 20480K, 0% used [0x00000000f0780000,0x00000000f0780000,0x00000000f1b80000)
 ParOldGen       total 95232K, used 88118K [0x00000000a0000000, 0x00000000a5d00000, 0x00000000e0000000)
  object space 95232K, 92% used [0x00000000a0000000,0x00000000a560dbe0,0x00000000a5d00000)
 Metaspace       used 80311K, capacity 83980K, committed 84184K, reserved 1122304K
  class space    used 10427K, capacity 11181K, committed 11224K, reserved 1048576K
}
Event: 4292.508 GC heap before
{Heap before GC invocations=25 (full 4):
 PSYoungGen      total 250368K, used 21502K [0x00000000e0000000, 0x00000000f1b80000, 0x0000000100000000)
  eden space 228864K, 0% used [0x00000000e0000000,0x00000000e0000000,0x00000000edf80000)
  from space 21504K, 99% used [0x00000000ef280000,0x00000000f077f9d8,0x00000000f0780000)
  to   space 20480K, 0% used [0x00000000f0780000,0x00000000f0780000,0x00000000f1b80000)
 ParOldGen       total 95232K, used 88118K [0x00000000a0000000, 0x00000000a5d00000, 0x00000000e0000000)
  object space 95232K, 92% used [0x00000000a0000000,0x00000000a560dbe0,0x00000000a5d00000)
 Metaspace       used 80311K, capacity 83980K, committed 84184K, reserved 1122304K
  class space    used 10427K, capacity 11181K, committed 11224K, reserved 1048576K
Event: 4293.083 GC heap after
Heap after GC invocations=25 (full 4):
 PSYoungGen      total 250368K, used 0K [0x00000000e0000000, 0x00000000f1b80000, 0x0000000100000000)
  eden space 228864K, 0% used [0x00000000e0000000,0x00000000e0000000,0x00000000edf80000)
  from space 21504K, 0% used [0x00000000ef280000,0x00000000ef280000,0x00000000f0780000)
  to   space 20480K, 0% used [0x00000000f0780000,0x00000000f0780000,0x00000000f1b80000)
 ParOldGen       total 143360K, used 73127K [0x00000000a0000000, 0x00000000a8c00000, 0x00000000e0000000)
  object space 143360K, 51% used [0x00000000a0000000,0x00000000a4769da8,0x00000000a8c00000)
 Metaspace       used 78452K, capacity 81072K, committed 84184K, reserved 1122304K
  class space    used 10025K, capacity 10564K, committed 11224K, reserved 1048576K
}
Event: 4705.254 GC heap before
{Heap before GC invocations=26 (full 4):
 PSYoungGen      total 250368K, used 228864K [0x00000000e0000000, 0x00000000f1b80000, 0x0000000100000000)
  eden space 228864K, 100% used [0x00000000e0000000,0x00000000edf80000,0x00000000edf80000)
  from space 21504K, 0% used [0x00000000ef280000,0x00000000ef280000,0x00000000f0780000)
  to   space 20480K, 0% used [0x00000000f0780000,0x00000000f0780000,0x00000000f1b80000)
 ParOldGen       total 143360K, used 73127K [0x00000000a0000000, 0x00000000a8c00000, 0x00000000e0000000)
  object space 143360K, 51% used [0x00000000a0000000,0x00000000a4769da8,0x00000000a8c00000)
 Metaspace       used 79385K, capacity 82142K, committed 84184K, reserved 1122304K
  class space    used 10181K, capacity 10803K, committed 11224K, reserved 1048576K
Event: 4705.293 GC heap after
Heap after GC invocations=26 (full 4):
 PSYoungGen      total 260096K, used 4482K [0x00000000e0000000, 0x00000000f3900000, 0x0000000100000000)
  eden space 239616K, 0% used [0x00000000e0000000,0x00000000e0000000,0x00000000eea00000)
  from space 20480K, 21% used [0x00000000f0780000,0x00000000f0be0828,0x00000000f1b80000)
  to   space 30208K, 0% used [0x00000000eea00000,0x00000000eea00000,0x00000000f0780000)
 ParOldGen       total 143360K, used 73135K [0x00000000a0000000, 0x00000000a8c00000, 0x00000000e0000000)
  object space 143360K, 51% used [0x00000000a0000000,0x00000000a476bda8,0x00000000a8c00000)
 Metaspace       used 79385K, capacity 82142K, committed 84184K, reserved 1122304K
  class space    used 10181K, capacity 10803K, committed 11224K, reserved 1048576K
}
Event: 4734.512 GC heap before
{Heap before GC invocations=27 (full 4):
 PSYoungGen      total 260096K, used 244098K [0x00000000e0000000, 0x00000000f3900000, 0x0000000100000000)
  eden space 239616K, 100% used [0x00000000e0000000,0x00000000eea00000,0x00000000eea00000)
  from space 20480K, 21% used [0x00000000f0780000,0x00000000f0be0828,0x00000000f1b80000)
  to   space 30208K, 0% used [0x00000000eea00000,0x00000000eea00000,0x00000000f0780000)
 ParOldGen       total 143360K, used 73135K [0x00000000a0000000, 0x00000000a8c00000, 0x00000000e0000000)
  object space 143360K, 51% used [0x00000000a0000000,0x00000000a476bda8,0x00000000a8c00000)
 Metaspace       used 79838K, capacity 82774K, committed 84440K, reserved 1122304K
  class space    used 10197K, capacity 10833K, committed 11224K, reserved 1048576K
Event: 4734.584 GC heap after
Heap after GC invocations=27 (full 4):
 PSYoungGen      total 269824K, used 30207K [0x00000000e0000000, 0x00000000f5580000, 0x0000000100000000)
  eden space 239616K, 0% used [0x00000000e0000000,0x00000000e0000000,0x00000000eea00000)
  from space 30208K, 99% used [0x00000000eea00000,0x00000000f077ff00,0x00000000f0780000)
  to   space 39936K, 0% used [0x00000000f2e80000,0x00000000f2e80000,0x00000000f5580000)
 ParOldGen       total 143360K, used 86439K [0x00000000a0000000, 0x00000000a8c00000, 0x00000000e0000000)
  object space 143360K, 60% used [0x00000000a0000000,0x00000000a5469fb0,0x00000000a8c00000)
 Metaspace       used 79838K, capacity 82774K, committed 84440K, reserved 1122304K
  class space    used 10197K, capacity 10833K, committed 11224K, reserved 1048576K
}
Event: 4741.123 GC heap before
{Heap before GC invocations=28 (full 4):
 PSYoungGen      total 269824K, used 269823K [0x00000000e0000000, 0x00000000f5580000, 0x0000000100000000)
  eden space 239616K, 100% used [0x00000000e0000000,0x00000000eea00000,0x00000000eea00000)
  from space 30208K, 99% used [0x00000000eea00000,0x00000000f077ff00,0x00000000f0780000)
  to   space 39936K, 0% used [0x00000000f2e80000,0x00000000f2e80000,0x00000000f5580000)
 ParOldGen       total 143360K, used 86439K [0x00000000a0000000, 0x00000000a8c00000, 0x00000000e0000000)
  object space 143360K, 60% used [0x00000000a0000000,0x00000000a5469fb0,0x00000000a8c00000)
 Metaspace       used 79891K, capacity 82804K, committed 84440K, reserved 1122304K
  class space    used 10201K, capacity 10838K, committed 11224K, reserved 1048576K
Event: 4741.186 GC heap after
Heap after GC invocations=28 (full 4):
 PSYoungGen      total 304128K, used 36545K [0x00000000e0000000, 0x00000000f6700000, 0x0000000100000000)
  eden space 264192K, 0% used [0x00000000e0000000,0x00000000e0000000,0x00000000f0200000)
  from space 39936K, 91% used [0x00000000f2e80000,0x00000000f5230530,0x00000000f5580000)
  to   space 45568K, 0% used [0x00000000f0200000,0x00000000f0200000,0x00000000f2e80000)
 ParOldGen       total 143360K, used 89759K [0x00000000a0000000, 0x00000000a8c00000, 0x00000000e0000000)
  object space 143360K, 62% used [0x00000000a0000000,0x00000000a57a7ff8,0x00000000a8c00000)
 Metaspace       used 79891K, capacity 82804K, committed 84440K, reserved 1122304K
  class space    used 10201K, capacity 10838K, committed 11224K, reserved 1048576K
}

