# JRE version: OpenJDK Runtime Environment (8.0_152-b02) (build 1.8.0_152-release-1024-b02)
# Java VM: OpenJDK 64-Bit Server VM (25.152-b02 mixed mode windows-amd64 compressed oops)
Heap:
 PSYoungGen      total 77312K, used 43874K [0x00000000e0000000, 0x00000000e5a80000, 0x0000000100000000)
  eden space 70144K, 52% used [0x00000000e0000000,0x00000000e2403160,0x00000000e4480000)
  from space 7168K, 97% used [0x00000000e4700000,0x00000000e4dd57c0,0x00000000e4e00000)
  to   space 11264K, 0% used [0x00000000e4f80000,0x00000000e4f80000,0x00000000e5a80000)
 ParOldGen       total 43008K, used 16530K [0x00000000a0000000, 0x00000000a2a00000, 0x00000000e0000000)
  object space 43008K, 38% used [0x00000000a0000000,0x00000000a1024ba8,0x00000000a2a00000)
 Metaspace       used 41273K, capacity 42116K, committed 42328K, reserved 1085440K
  class space    used 5657K, capacity 5913K, committed 6016K, reserved 1048576K
GC Heap History (10 events):
Event: 52.601 GC heap before
{Heap before GC invocations=9 (full 1):
 PSYoungGen      total 66560K, used 59904K [0x00000000e0000000, 0x00000000e4a80000, 0x0000000100000000)
  eden space 59904K, 100% used [0x00000000e0000000,0x00000000e3a80000,0x00000000e3a80000)
  from space 6656K, 0% used [0x00000000e3c80000,0x00000000e3c80000,0x00000000e4300000)
  to   space 7680K, 0% used [0x00000000e4300000,0x00000000e4300000,0x00000000e4a80000)
 ParOldGen       total 37888K, used 10868K [0x00000000a0000000, 0x00000000a2500000, 0x00000000e0000000)
  object space 37888K, 28% used [0x00000000a0000000,0x00000000a0a9d098,0x00000000a2500000)
 Metaspace       used 26372K, capacity 26826K, committed 26880K, reserved 1073152K
  class space    used 3620K, capacity 3795K, committed 3840K, reserved 1048576K
Event: 52.611 GC heap after
Heap after GC invocations=9 (full 1):
 PSYoungGen      total 67584K, used 6719K [0x00000000e0000000, 0x00000000e6700000, 0x0000000100000000)
  eden space 59904K, 0% used [0x00000000e0000000,0x00000000e0000000,0x00000000e3a80000)
  from space 7680K, 87% used [0x00000000e4300000,0x00000000e498fc20,0x00000000e4a80000)
  to   space 8704K, 0% used [0x00000000e3a80000,0x00000000e3a80000,0x00000000e4300000)
 ParOldGen       total 37888K, used 10876K [0x00000000a0000000, 0x00000000a2500000, 0x00000000e0000000)
  object space 37888K, 28% used [0x00000000a0000000,0x00000000a0a9f098,0x00000000a2500000)
 Metaspace       used 26372K, capacity 26826K, committed 26880K, reserved 1073152K
  class space    used 3620K, capacity 3795K, committed 3840K, reserved 1048576K
}
Event: 63.819 GC heap before
{Heap before GC invocations=10 (full 1):
 PSYoungGen      total 67584K, used 66597K [0x00000000e0000000, 0x00000000e6700000, 0x0000000100000000)
  eden space 59904K, 99% used [0x00000000e0000000,0x00000000e3a798a0,0x00000000e3a80000)
  from space 7680K, 87% used [0x00000000e4300000,0x00000000e498fc20,0x00000000e4a80000)
  to   space 8704K, 0% used [0x00000000e3a80000,0x00000000e3a80000,0x00000000e4300000)
 ParOldGen       total 37888K, used 10876K [0x00000000a0000000, 0x00000000a2500000, 0x00000000e0000000)
  object space 37888K, 28% used [0x00000000a0000000,0x00000000a0a9f098,0x00000000a2500000)
 Metaspace       used 29507K, capacity 30044K, committed 30208K, reserved 1075200K
  class space    used 4124K, capacity 4313K, committed 4352K, reserved 1048576K
Event: 63.834 GC heap after
Heap after GC invocations=10 (full 1):
 PSYoungGen      total 68608K, used 8320K [0x00000000e0000000, 0x00000000e5c00000, 0x0000000100000000)
  eden space 59904K, 0% used [0x00000000e0000000,0x00000000e0000000,0x00000000e3a80000)
  from space 8704K, 95% used [0x00000000e3a80000,0x00000000e42a01c8,0x00000000e4300000)
  to   space 9728K, 0% used [0x00000000e5280000,0x00000000e5280000,0x00000000e5c00000)
 ParOldGen       total 37888K, used 10884K [0x00000000a0000000, 0x00000000a2500000, 0x00000000e0000000)
  object space 37888K, 28% used [0x00000000a0000000,0x00000000a0aa1098,0x00000000a2500000)
 Metaspace       used 29507K, capacity 30044K, committed 30208K, reserved 1075200K
  class space    used 4124K, capacity 4313K, committed 4352K, reserved 1048576K
}
Event: 88.010 GC heap before
{Heap before GC invocations=11 (full 1):
 PSYoungGen      total 68608K, used 41974K [0x00000000e0000000, 0x00000000e5c00000, 0x0000000100000000)
  eden space 59904K, 56% used [0x00000000e0000000,0x00000000e20dd9a8,0x00000000e3a80000)
  from space 8704K, 95% used [0x00000000e3a80000,0x00000000e42a01c8,0x00000000e4300000)
  to   space 9728K, 0% used [0x00000000e5280000,0x00000000e5280000,0x00000000e5c00000)
 ParOldGen       total 37888K, used 10884K [0x00000000a0000000, 0x00000000a2500000, 0x00000000e0000000)
  object space 37888K, 28% used [0x00000000a0000000,0x00000000a0aa1098,0x00000000a2500000)
 Metaspace       used 34710K, capacity 35260K, committed 35416K, reserved 1079296K
  class space    used 4789K, capacity 4972K, committed 4992K, reserved 1048576K
Event: 88.026 GC heap after
Heap after GC invocations=11 (full 1):
 PSYoungGen      total 82432K, used 9709K [0x00000000e0000000, 0x00000000e5d00000, 0x0000000100000000)
  eden space 72704K, 0% used [0x00000000e0000000,0x00000000e0000000,0x00000000e4700000)
  from space 9728K, 99% used [0x00000000e5280000,0x00000000e5bfb5b0,0x00000000e5c00000)
  to   space 11264K, 0% used [0x00000000e4700000,0x00000000e4700000,0x00000000e5200000)
 ParOldGen       total 37888K, used 11246K [0x00000000a0000000, 0x00000000a2500000, 0x00000000e0000000)
  object space 37888K, 29% used [0x00000000a0000000,0x00000000a0afb9d0,0x00000000a2500000)
 Metaspace       used 34710K, capacity 35260K, committed 35416K, reserved 1079296K
  class space    used 4789K, capacity 4972K, committed 4992K, reserved 1048576K
}
Event: 88.026 GC heap before
{Heap before GC invocations=12 (full 2):
 PSYoungGen      total 82432K, used 9709K [0x00000000e0000000, 0x00000000e5d00000, 0x0000000100000000)
  eden space 72704K, 0% used [0x00000000e0000000,0x00000000e0000000,0x00000000e4700000)
  from space 9728K, 99% used [0x00000000e5280000,0x00000000e5bfb5b0,0x00000000e5c00000)
  to   space 11264K, 0% used [0x00000000e4700000,0x00000000e4700000,0x00000000e5200000)
 ParOldGen       total 37888K, used 11246K [0x00000000a0000000, 0x00000000a2500000, 0x00000000e0000000)
  object space 37888K, 29% used [0x00000000a0000000,0x00000000a0afb9d0,0x00000000a2500000)
 Metaspace       used 34710K, capacity 35260K, committed 35416K, reserved 1079296K
  class space    used 4789K, capacity 4972K, committed 4992K, reserved 1048576K
Event: 88.133 GC heap after
Heap after GC invocations=12 (full 2):
 PSYoungGen      total 82432K, used 0K [0x00000000e0000000, 0x00000000e5d00000, 0x0000000100000000)
  eden space 72704K, 0% used [0x00000000e0000000,0x00000000e0000000,0x00000000e4700000)
  from space 9728K, 0% used [0x00000000e5280000,0x00000000e5280000,0x00000000e5c00000)
  to   space 11264K, 0% used [0x00000000e4700000,0x00000000e4700000,0x00000000e5200000)
 ParOldGen       total 43008K, used 16522K [0x00000000a0000000, 0x00000000a2a00000, 0x00000000e0000000)
  object space 43008K, 38% used [0x00000000a0000000,0x00000000a1022ba8,0x00000000a2a00000)
 Metaspace       used 34710K, capacity 35260K, committed 35416K, reserved 1079296K
  class space    used 4789K, capacity 4972K, committed 4992K, reserved 1048576K
}
Event: 100.377 GC heap before
{Heap before GC invocations=13 (full 2):
 PSYoungGen      total 82432K, used 72704K [0x00000000e0000000, 0x00000000e5d00000, 0x0000000100000000)
  eden space 72704K, 100% used [0x00000000e0000000,0x00000000e4700000,0x00000000e4700000)
  from space 9728K, 0% used [0x00000000e5280000,0x00000000e5280000,0x00000000e5c00000)
  to   space 11264K, 0% used [0x00000000e4700000,0x00000000e4700000,0x00000000e5200000)
 ParOldGen       total 43008K, used 16522K [0x00000000a0000000, 0x00000000a2a00000, 0x00000000e0000000)
  object space 43008K, 38% used [0x00000000a0000000,0x00000000a1022ba8,0x00000000a2a00000)
 Metaspace       used 38582K, capacity 39286K, committed 39512K, reserved 1083392K
  class space    used 5271K, capacity 5499K, committed 5504K, reserved 1048576K
Event: 100.395 GC heap after
Heap after GC invocations=13 (full 2):
 PSYoungGen      total 77312K, used 6997K [0x00000000e0000000, 0x00000000e5a80000, 0x0000000100000000)
  eden space 70144K, 0% used [0x00000000e0000000,0x00000000e0000000,0x00000000e4480000)
  from space 7168K, 97% used [0x00000000e4700000,0x00000000e4dd57c0,0x00000000e4e00000)
  to   space 11264K, 0% used [0x00000000e4f80000,0x00000000e4f80000,0x00000000e5a80000)
 ParOldGen       total 43008K, used 16530K [0x00000000a0000000, 0x00000000a2a00000, 0x00000000e0000000)
  object space 43008K, 38% used [0x00000000a0000000,0x00000000a1024ba8,0x00000000a2a00000)
 Metaspace       used 38582K, capacity 39286K, committed 39512K, reserved 1083392K
  class space    used 5271K, capacity 5499K, committed 5504K, reserved 1048576K
}

