# JRE version: OpenJDK Runtime Environment (8.0_152-b02) (build 1.8.0_152-release-1024-b02)
# Java VM: OpenJDK 64-Bit Server VM (25.152-b02 mixed mode windows-amd64 compressed oops)
Heap:
 PSYoungGen      total 189440K, used 153802K [0x00000000e0000000, 0x00000000f2700000, 0x0000000100000000)
  eden space 152064K, 76% used [0x00000000e0000000,0x00000000e71b9b50,0x00000000e9480000)
  from space 37376K, 99% used [0x00000000ec300000,0x00000000ee778ff0,0x00000000ee780000)
  to   space 47616K, 0% used [0x00000000e9480000,0x00000000e9480000,0x00000000ec300000)
 ParOldGen       total 137728K, used 102286K [0x00000000a0000000, 0x00000000a8680000, 0x00000000e0000000)
  object space 137728K, 74% used [0x00000000a0000000,0x00000000a63e3838,0x00000000a8680000)
 Metaspace       used 78653K, capacity 82068K, committed 82324K, reserved 1120256K
  class space    used 9978K, capacity 10643K, committed 10684K, reserved 1048576K
GC Heap History (10 events):
Event: 2094.860 GC heap before
{Heap before GC invocations=27 (full 5):
 PSYoungGen      total 209408K, used 208947K [0x00000000e0000000, 0x00000000f0800000, 0x0000000100000000)
  eden space 192512K, 100% used [0x00000000e0000000,0x00000000ebc00000,0x00000000ebc00000)
  from space 16896K, 97% used [0x00000000ec480000,0x00000000ed48ce68,0x00000000ed500000)
  to   space 38912K, 0% used [0x00000000ee200000,0x00000000ee200000,0x00000000f0800000)
 ParOldGen       total 137728K, used 88474K [0x00000000a0000000, 0x00000000a8680000, 0x00000000e0000000)
  object space 137728K, 64% used [0x00000000a0000000,0x00000000a5666b20,0x00000000a8680000)
 Metaspace       used 77915K, capacity 80990K, committed 81172K, reserved 1120256K
  class space    used 9924K, capacity 10544K, committed 10556K, reserved 1048576K
Event: 2095.888 GC heap after
Heap after GC invocations=27 (full 5):
 PSYoungGen      total 211968K, used 19344K [0x00000000e0000000, 0x00000000efd00000, 0x0000000100000000)
  eden space 184320K, 0% used [0x00000000e0000000,0x00000000e0000000,0x00000000eb400000)
  from space 27648K, 69% used [0x00000000ee200000,0x00000000ef4e4078,0x00000000efd00000)
  to   space 37376K, 0% used [0x00000000eb400000,0x00000000eb400000,0x00000000ed880000)
 ParOldGen       total 137728K, used 88482K [0x00000000a0000000, 0x00000000a8680000, 0x00000000e0000000)
  object space 137728K, 64% used [0x00000000a0000000,0x00000000a5668b20,0x00000000a8680000)
 Metaspace       used 77915K, capacity 80990K, committed 81172K, reserved 1120256K
  class space    used 9924K, capacity 10544K, committed 10556K, reserved 1048576K
}
Event: 2188.710 GC heap before
{Heap before GC invocations=28 (full 5):
 PSYoungGen      total 211968K, used 203661K [0x00000000e0000000, 0x00000000efd00000, 0x0000000100000000)
  eden space 184320K, 99% used [0x00000000e0000000,0x00000000eb3ff768,0x00000000eb400000)
  from space 27648K, 69% used [0x00000000ee200000,0x00000000ef4e4078,0x00000000efd00000)
  to   space 37376K, 0% used [0x00000000eb400000,0x00000000eb400000,0x00000000ed880000)
 ParOldGen       total 137728K, used 88482K [0x00000000a0000000, 0x00000000a8680000, 0x00000000e0000000)
  object space 137728K, 64% used [0x00000000a0000000,0x00000000a5668b20,0x00000000a8680000)
 Metaspace       used 78048K, capacity 81062K, committed 81172K, reserved 1120256K
  class space    used 9924K, capacity 10544K, committed 10556K, reserved 1048576K
Event: 2188.750 GC heap after
Heap after GC invocations=28 (full 5):
 PSYoungGen      total 193536K, used 16536K [0x00000000e0000000, 0x00000000ef280000, 0x0000000100000000)
  eden space 176640K, 0% used [0x00000000e0000000,0x00000000e0000000,0x00000000eac80000)
  from space 16896K, 97% used [0x00000000eb400000,0x00000000ec426398,0x00000000ec480000)
  to   space 35840K, 0% used [0x00000000ecf80000,0x00000000ecf80000,0x00000000ef280000)
 ParOldGen       total 137728K, used 88490K [0x00000000a0000000, 0x00000000a8680000, 0x00000000e0000000)
  object space 137728K, 64% used [0x00000000a0000000,0x00000000a566ab20,0x00000000a8680000)
 Metaspace       used 78048K, capacity 81062K, committed 81172K, reserved 1120256K
  class space    used 9924K, capacity 10544K, committed 10556K, reserved 1048576K
}
Event: 6629.395 GC heap before
{Heap before GC invocations=29 (full 5):
 PSYoungGen      total 193536K, used 193176K [0x00000000e0000000, 0x00000000ef280000, 0x0000000100000000)
  eden space 176640K, 100% used [0x00000000e0000000,0x00000000eac80000,0x00000000eac80000)
  from space 16896K, 97% used [0x00000000eb400000,0x00000000ec426398,0x00000000ec480000)
  to   space 35840K, 0% used [0x00000000ecf80000,0x00000000ecf80000,0x00000000ef280000)
 ParOldGen       total 137728K, used 88490K [0x00000000a0000000, 0x00000000a8680000, 0x00000000e0000000)
  object space 137728K, 64% used [0x00000000a0000000,0x00000000a566ab20,0x00000000a8680000)
 Metaspace       used 78169K, capacity 81280K, committed 81556K, reserved 1120256K
  class space    used 9932K, capacity 10559K, committed 10684K, reserved 1048576K
Event: 6648.793 GC heap after
Heap after GC invocations=29 (full 5):
 PSYoungGen      total 197120K, used 12244K [0x00000000e0000000, 0x00000000eea80000, 0x0000000100000000)
  eden space 169472K, 0% used [0x00000000e0000000,0x00000000e0000000,0x00000000ea580000)
  from space 27648K, 44% used [0x00000000ecf80000,0x00000000edb75060,0x00000000eea80000)
  to   space 35328K, 0% used [0x00000000ea580000,0x00000000ea580000,0x00000000ec800000)
 ParOldGen       total 137728K, used 88498K [0x00000000a0000000, 0x00000000a8680000, 0x00000000e0000000)
  object space 137728K, 64% used [0x00000000a0000000,0x00000000a566cb20,0x00000000a8680000)
 Metaspace       used 78169K, capacity 81280K, committed 81556K, reserved 1120256K
  class space    used 9932K, capacity 10559K, committed 10684K, reserved 1048576K
}
Event: 6740.215 GC heap before
{Heap before GC invocations=30 (full 5):
 PSYoungGen      total 197120K, used 181716K [0x00000000e0000000, 0x00000000eea80000, 0x0000000100000000)
  eden space 169472K, 100% used [0x00000000e0000000,0x00000000ea580000,0x00000000ea580000)
  from space 27648K, 44% used [0x00000000ecf80000,0x00000000edb75060,0x00000000eea80000)
  to   space 35328K, 0% used [0x00000000ea580000,0x00000000ea580000,0x00000000ec800000)
 ParOldGen       total 137728K, used 88498K [0x00000000a0000000, 0x00000000a8680000, 0x00000000e0000000)
  object space 137728K, 64% used [0x00000000a0000000,0x00000000a566cb20,0x00000000a8680000)
 Metaspace       used 78414K, capacity 81744K, committed 81812K, reserved 1120256K
  class space    used 9969K, capacity 10625K, committed 10684K, reserved 1048576K
Event: 6742.177 GC heap after
Heap after GC invocations=30 (full 5):
 PSYoungGen      total 189952K, used 27605K [0x00000000e0000000, 0x00000000ee780000, 0x0000000100000000)
  eden space 162304K, 0% used [0x00000000e0000000,0x00000000e0000000,0x00000000e9e80000)
  from space 27648K, 99% used [0x00000000ea580000,0x00000000ec075468,0x00000000ec080000)
  to   space 37376K, 0% used [0x00000000ec300000,0x00000000ec300000,0x00000000ee780000)
 ParOldGen       total 137728K, used 88506K [0x00000000a0000000, 0x00000000a8680000, 0x00000000e0000000)
  object space 137728K, 64% used [0x00000000a0000000,0x00000000a566eb20,0x00000000a8680000)
 Metaspace       used 78414K, capacity 81744K, committed 81812K, reserved 1120256K
  class space    used 9969K, capacity 10625K, committed 10684K, reserved 1048576K
}
Event: 6759.170 GC heap before
{Heap before GC invocations=31 (full 5):
 PSYoungGen      total 189952K, used 189909K [0x00000000e0000000, 0x00000000ee780000, 0x0000000100000000)
  eden space 162304K, 100% used [0x00000000e0000000,0x00000000e9e80000,0x00000000e9e80000)
  from space 27648K, 99% used [0x00000000ea580000,0x00000000ec075468,0x00000000ec080000)
  to   space 37376K, 0% used [0x00000000ec300000,0x00000000ec300000,0x00000000ee780000)
 ParOldGen       total 137728K, used 88506K [0x00000000a0000000, 0x00000000a8680000, 0x00000000e0000000)
  object space 137728K, 64% used [0x00000000a0000000,0x00000000a566eb20,0x00000000a8680000)
 Metaspace       used 78447K, capacity 81744K, committed 81812K, reserved 1120256K
  class space    used 9969K, capacity 10625K, committed 10684K, reserved 1048576K
Event: 6763.553 GC heap after
Heap after GC invocations=31 (full 5):
 PSYoungGen      total 189440K, used 37347K [0x00000000e0000000, 0x00000000f2700000, 0x0000000100000000)
  eden space 152064K, 0% used [0x00000000e0000000,0x00000000e0000000,0x00000000e9480000)
  from space 37376K, 99% used [0x00000000ec300000,0x00000000ee778ff0,0x00000000ee780000)
  to   space 47616K, 0% used [0x00000000e9480000,0x00000000e9480000,0x00000000ec300000)
 ParOldGen       total 137728K, used 102286K [0x00000000a0000000, 0x00000000a8680000, 0x00000000e0000000)
  object space 137728K, 74% used [0x00000000a0000000,0x00000000a63e3838,0x00000000a8680000)
 Metaspace       used 78447K, capacity 81744K, committed 81812K, reserved 1120256K
  class space    used 9969K, capacity 10625K, committed 10684K, reserved 1048576K
}

